{"C:\\Users\\AkshayPawar\\Desktop\\Project\\personal-blog\\personal-blog-server-2\\index.js": {"path":"C:\\Users\\AkshayPawar\\Desktop\\Project\\personal-blog\\personal-blog-server-2\\index.js","statementMap":{"0":{"start":{"line":1,"column":16},"end":{"line":1,"column":34}},"1":{"start":{"line":2,"column":15},"end":{"line":2,"column":32}},"2":{"start":{"line":4,"column":0},"end":{"line":4,"column":16}},"3":{"start":{"line":5,"column":13},"end":{"line":5,"column":28}},"4":{"start":{"line":6,"column":21},"end":{"line":6,"column":45}},"5":{"start":{"line":8,"column":12},"end":{"line":8,"column":21}},"6":{"start":{"line":9,"column":11},"end":{"line":9,"column":33}},"7":{"start":{"line":12,"column":0},"end":{"line":12,"column":20}},"8":{"start":{"line":15,"column":0},"end":{"line":15,"column":24}},"9":{"start":{"line":16,"column":0},"end":{"line":22,"column":2}},"10":{"start":{"line":23,"column":0},"end":{"line":23,"column":24}},"11":{"start":{"line":24,"column":0},"end":{"line":24,"column":34}},"12":{"start":{"line":26,"column":0},"end":{"line":29,"column":3}},"13":{"start":{"line":27,"column":2},"end":{"line":27,"column":68}},"14":{"start":{"line":28,"column":2},"end":{"line":28,"column":12}},"15":{"start":{"line":32,"column":0},"end":{"line":32,"column":53}},"16":{"start":{"line":33,"column":0},"end":{"line":33,"column":45}},"17":{"start":{"line":35,"column":13},"end":{"line":35,"column":37}},"18":{"start":{"line":37,"column":0},"end":{"line":39,"column":3}},"19":{"start":{"line":38,"column":2},"end":{"line":38,"column":51}},"20":{"start":{"line":42,"column":0},"end":{"line":42,"column":21}}},"fnMap":{"0":{"name":"(anonymous_0)","decl":{"start":{"line":26,"column":13},"end":{"line":26,"column":14}},"loc":{"start":{"line":26,"column":27},"end":{"line":29,"column":1}},"line":26},"1":{"name":"(anonymous_1)","decl":{"start":{"line":37,"column":17},"end":{"line":37,"column":18}},"loc":{"start":{"line":37,"column":23},"end":{"line":39,"column":1}},"line":37}},"branchMap":{"0":{"loc":{"start":{"line":35,"column":13},"end":{"line":35,"column":37}},"type":"binary-expr","locations":[{"start":{"line":35,"column":13},"end":{"line":35,"column":29}},{"start":{"line":35,"column":33},"end":{"line":35,"column":37}}],"line":35}},"s":{"0":1,"1":1,"2":1,"3":1,"4":1,"5":1,"6":1,"7":1,"8":1,"9":1,"10":1,"11":1,"12":1,"13":0,"14":0,"15":1,"16":1,"17":1,"18":1,"19":1,"20":1},"f":{"0":0,"1":1},"b":{"0":[1,0]},"_coverageSchema":"1a1c01bbd47fc00a2c39e90264f33305004495a9","hash":"e75aac11c93a3b32e4e43e65d0c9327d89ded917"}
,"C:\\Users\\AkshayPawar\\Desktop\\Project\\personal-blog\\personal-blog-server-2\\config\\db.js": {"path":"C:\\Users\\AkshayPawar\\Desktop\\Project\\personal-blog\\personal-blog-server-2\\config\\db.js","statementMap":{"0":{"start":{"line":1,"column":18},"end":{"line":1,"column":38}},"1":{"start":{"line":3,"column":15},"end":{"line":3,"column":35}},"2":{"start":{"line":4,"column":15},"end":{"line":4,"column":31}},"3":{"start":{"line":5,"column":19},"end":{"line":5,"column":39}},"4":{"start":{"line":7,"column":18},"end":{"line":11,"column":2}},"5":{"start":{"line":13,"column":11},"end":{"line":13,"column":13}},"6":{"start":{"line":14,"column":0},"end":{"line":14,"column":25}},"7":{"start":{"line":15,"column":0},"end":{"line":15,"column":25}},"8":{"start":{"line":18,"column":0},"end":{"line":18,"column":72}},"9":{"start":{"line":19,"column":0},"end":{"line":19,"column":64}},"10":{"start":{"line":21,"column":0},"end":{"line":21,"column":20}}},"fnMap":{},"branchMap":{},"s":{"0":1,"1":1,"2":1,"3":1,"4":1,"5":1,"6":1,"7":1,"8":1,"9":1,"10":1},"f":{},"b":{},"_coverageSchema":"1a1c01bbd47fc00a2c39e90264f33305004495a9","hash":"2f50356128f9bfd530ff5968b8d6a7fae7f663f6"}
,"C:\\Users\\AkshayPawar\\Desktop\\Project\\personal-blog\\personal-blog-server-2\\controllers\\personalBlogsControllers.js": {"path":"C:\\Users\\AkshayPawar\\Desktop\\Project\\personal-blog\\personal-blog-server-2\\controllers\\personalBlogsControllers.js","statementMap":{"0":{"start":{"line":1,"column":11},"end":{"line":1,"column":34}},"1":{"start":{"line":2,"column":14},"end":{"line":2,"column":22}},"2":{"start":{"line":6,"column":27},"end":{"line":60,"column":1}},"3":{"start":{"line":7,"column":2},"end":{"line":59,"column":3}},"4":{"start":{"line":9,"column":21},"end":{"line":9,"column":77}},"5":{"start":{"line":11,"column":4},"end":{"line":16,"column":5}},"6":{"start":{"line":12,"column":6},"end":{"line":15,"column":9}},"7":{"start":{"line":19,"column":22},"end":{"line":19,"column":57}},"8":{"start":{"line":21,"column":43},"end":{"line":21,"column":51}},"9":{"start":{"line":24,"column":4},"end":{"line":29,"column":5}},"10":{"start":{"line":25,"column":6},"end":{"line":28,"column":9}},"11":{"start":{"line":31,"column":20},"end":{"line":36,"column":5}},"12":{"start":{"line":38,"column":17},"end":{"line":38,"column":44}},"13":{"start":{"line":40,"column":4},"end":{"line":45,"column":5}},"14":{"start":{"line":41,"column":6},"end":{"line":44,"column":9}},"15":{"start":{"line":47,"column":4},"end":{"line":51,"column":7}},"16":{"start":{"line":53,"column":4},"end":{"line":53,"column":25}},"17":{"start":{"line":54,"column":4},"end":{"line":58,"column":7}},"18":{"start":{"line":63,"column":27},"end":{"line":86,"column":1}},"19":{"start":{"line":64,"column":2},"end":{"line":85,"column":3}},"20":{"start":{"line":65,"column":17},"end":{"line":65,"column":38}},"21":{"start":{"line":66,"column":4},"end":{"line":71,"column":5}},"22":{"start":{"line":67,"column":6},"end":{"line":70,"column":9}},"23":{"start":{"line":72,"column":4},"end":{"line":77,"column":7}},"24":{"start":{"line":79,"column":4},"end":{"line":79,"column":23}},"25":{"start":{"line":80,"column":4},"end":{"line":84,"column":7}},"26":{"start":{"line":88,"column":24},"end":{"line":111,"column":1}},"27":{"start":{"line":89,"column":2},"end":{"line":110,"column":3}},"28":{"start":{"line":90,"column":19},"end":{"line":90,"column":32}},"29":{"start":{"line":91,"column":4},"end":{"line":96,"column":5}},"30":{"start":{"line":92,"column":6},"end":{"line":95,"column":9}},"31":{"start":{"line":97,"column":17},"end":{"line":97,"column":52}},"32":{"start":{"line":98,"column":4},"end":{"line":103,"column":5}},"33":{"start":{"line":99,"column":6},"end":{"line":102,"column":9}},"34":{"start":{"line":104,"column":4},"end":{"line":107,"column":7}},"35":{"start":{"line":109,"column":4},"end":{"line":109,"column":23}},"36":{"start":{"line":160,"column":27},"end":{"line":206,"column":1}},"37":{"start":{"line":161,"column":2},"end":{"line":205,"column":3}},"38":{"start":{"line":162,"column":19},"end":{"line":162,"column":32}},"39":{"start":{"line":163,"column":4},"end":{"line":168,"column":5}},"40":{"start":{"line":164,"column":6},"end":{"line":167,"column":9}},"41":{"start":{"line":170,"column":21},"end":{"line":170,"column":50}},"42":{"start":{"line":171,"column":22},"end":{"line":171,"column":57}},"43":{"start":{"line":173,"column":43},"end":{"line":173,"column":51}},"44":{"start":{"line":175,"column":20},"end":{"line":180,"column":5}},"45":{"start":{"line":182,"column":22},"end":{"line":184,"column":6}},"46":{"start":{"line":186,"column":4},"end":{"line":191,"column":5}},"47":{"start":{"line":187,"column":6},"end":{"line":190,"column":9}},"48":{"start":{"line":193,"column":4},"end":{"line":197,"column":7}},"49":{"start":{"line":199,"column":4},"end":{"line":199,"column":23}},"50":{"start":{"line":200,"column":4},"end":{"line":204,"column":7}},"51":{"start":{"line":210,"column":27},"end":{"line":239,"column":1}},"52":{"start":{"line":211,"column":2},"end":{"line":238,"column":3}},"53":{"start":{"line":212,"column":19},"end":{"line":212,"column":32}},"54":{"start":{"line":213,"column":4},"end":{"line":218,"column":5}},"55":{"start":{"line":214,"column":6},"end":{"line":217,"column":9}},"56":{"start":{"line":220,"column":20},"end":{"line":222,"column":6}},"57":{"start":{"line":224,"column":4},"end":{"line":229,"column":5}},"58":{"start":{"line":225,"column":6},"end":{"line":228,"column":9}},"59":{"start":{"line":232,"column":4},"end":{"line":235,"column":7}},"60":{"start":{"line":237,"column":4},"end":{"line":237,"column":23}},"61":{"start":{"line":240,"column":0},"end":{"line":246,"column":2}}},"fnMap":{"0":{"name":"(anonymous_0)","decl":{"start":{"line":6,"column":27},"end":{"line":6,"column":28}},"loc":{"start":{"line":6,"column":47},"end":{"line":60,"column":1}},"line":6},"1":{"name":"(anonymous_1)","decl":{"start":{"line":63,"column":27},"end":{"line":63,"column":28}},"loc":{"start":{"line":63,"column":47},"end":{"line":86,"column":1}},"line":63},"2":{"name":"(anonymous_2)","decl":{"start":{"line":88,"column":24},"end":{"line":88,"column":25}},"loc":{"start":{"line":88,"column":44},"end":{"line":111,"column":1}},"line":88},"3":{"name":"(anonymous_3)","decl":{"start":{"line":160,"column":27},"end":{"line":160,"column":28}},"loc":{"start":{"line":160,"column":47},"end":{"line":206,"column":1}},"line":160},"4":{"name":"(anonymous_4)","decl":{"start":{"line":210,"column":27},"end":{"line":210,"column":28}},"loc":{"start":{"line":210,"column":47},"end":{"line":239,"column":1}},"line":210}},"branchMap":{"0":{"loc":{"start":{"line":9,"column":21},"end":{"line":9,"column":77}},"type":"cond-expr","locations":[{"start":{"line":9,"column":41},"end":{"line":9,"column":70}},{"start":{"line":9,"column":73},"end":{"line":9,"column":77}}],"line":9},"1":{"loc":{"start":{"line":11,"column":4},"end":{"line":16,"column":5}},"type":"if","locations":[{"start":{"line":11,"column":4},"end":{"line":16,"column":5}},{"start":{},"end":{}}],"line":11},"2":{"loc":{"start":{"line":19,"column":22},"end":{"line":19,"column":57}},"type":"cond-expr","locations":[{"start":{"line":19,"column":33},"end":{"line":19,"column":50}},{"start":{"line":19,"column":53},"end":{"line":19,"column":57}}],"line":19},"3":{"loc":{"start":{"line":24,"column":4},"end":{"line":29,"column":5}},"type":"if","locations":[{"start":{"line":24,"column":4},"end":{"line":29,"column":5}},{"start":{},"end":{}}],"line":24},"4":{"loc":{"start":{"line":24,"column":8},"end":{"line":24,"column":41}},"type":"binary-expr","locations":[{"start":{"line":24,"column":8},"end":{"line":24,"column":14}},{"start":{"line":24,"column":18},"end":{"line":24,"column":25}},{"start":{"line":24,"column":29},"end":{"line":24,"column":41}}],"line":24},"5":{"loc":{"start":{"line":40,"column":4},"end":{"line":45,"column":5}},"type":"if","locations":[{"start":{"line":40,"column":4},"end":{"line":45,"column":5}},{"start":{},"end":{}}],"line":40},"6":{"loc":{"start":{"line":66,"column":4},"end":{"line":71,"column":5}},"type":"if","locations":[{"start":{"line":66,"column":4},"end":{"line":71,"column":5}},{"start":{},"end":{}}],"line":66},"7":{"loc":{"start":{"line":91,"column":4},"end":{"line":96,"column":5}},"type":"if","locations":[{"start":{"line":91,"column":4},"end":{"line":96,"column":5}},{"start":{},"end":{}}],"line":91},"8":{"loc":{"start":{"line":98,"column":4},"end":{"line":103,"column":5}},"type":"if","locations":[{"start":{"line":98,"column":4},"end":{"line":103,"column":5}},{"start":{},"end":{}}],"line":98},"9":{"loc":{"start":{"line":163,"column":4},"end":{"line":168,"column":5}},"type":"if","locations":[{"start":{"line":163,"column":4},"end":{"line":168,"column":5}},{"start":{},"end":{}}],"line":163},"10":{"loc":{"start":{"line":171,"column":22},"end":{"line":171,"column":57}},"type":"cond-expr","locations":[{"start":{"line":171,"column":33},"end":{"line":171,"column":50}},{"start":{"line":171,"column":53},"end":{"line":171,"column":57}}],"line":171},"11":{"loc":{"start":{"line":186,"column":4},"end":{"line":191,"column":5}},"type":"if","locations":[{"start":{"line":186,"column":4},"end":{"line":191,"column":5}},{"start":{},"end":{}}],"line":186},"12":{"loc":{"start":{"line":203,"column":13},"end":{"line":203,"column":53}},"type":"binary-expr","locations":[{"start":{"line":203,"column":13},"end":{"line":203,"column":26}},{"start":{"line":203,"column":30},"end":{"line":203,"column":53}}],"line":203},"13":{"loc":{"start":{"line":213,"column":4},"end":{"line":218,"column":5}},"type":"if","locations":[{"start":{"line":213,"column":4},"end":{"line":218,"column":5}},{"start":{},"end":{}}],"line":213},"14":{"loc":{"start":{"line":224,"column":4},"end":{"line":229,"column":5}},"type":"if","locations":[{"start":{"line":224,"column":4},"end":{"line":229,"column":5}},{"start":{},"end":{}}],"line":224}},"s":{"0":1,"1":1,"2":1,"3":2,"4":2,"5":2,"6":0,"7":2,"8":2,"9":2,"10":1,"11":1,"12":1,"13":1,"14":0,"15":1,"16":0,"17":0,"18":1,"19":1,"20":1,"21":1,"22":0,"23":1,"24":0,"25":0,"26":1,"27":2,"28":2,"29":2,"30":0,"31":2,"32":2,"33":1,"34":1,"35":0,"36":1,"37":2,"38":2,"39":2,"40":0,"41":2,"42":2,"43":2,"44":2,"45":2,"46":2,"47":1,"48":1,"49":0,"50":0,"51":1,"52":2,"53":2,"54":2,"55":0,"56":2,"57":2,"58":1,"59":1,"60":0,"61":1},"f":{"0":2,"1":1,"2":2,"3":2,"4":2},"b":{"0":[2,0],"1":[0,2],"2":[0,2],"3":[1,1],"4":[2,2,1],"5":[0,1],"6":[0,1],"7":[0,2],"8":[1,1],"9":[0,2],"10":[0,2],"11":[1,1],"12":[0,0],"13":[0,2],"14":[1,1]},"_coverageSchema":"1a1c01bbd47fc00a2c39e90264f33305004495a9","hash":"30d6d2ef3d3d4b5142e42491c2696a3c17f2c262"}
,"C:\\Users\\AkshayPawar\\Desktop\\Project\\personal-blog\\personal-blog-server-2\\models\\personalBolgModel.js": {"path":"C:\\Users\\AkshayPawar\\Desktop\\Project\\personal-blog\\personal-blog-server-2\\models\\personalBolgModel.js","statementMap":{"0":{"start":{"line":1,"column":0},"end":{"line":28,"column":2}},"1":{"start":{"line":2,"column":15},"end":{"line":26,"column":3}},"2":{"start":{"line":27,"column":2},"end":{"line":27,"column":14}}},"fnMap":{"0":{"name":"(anonymous_0)","decl":{"start":{"line":1,"column":17},"end":{"line":1,"column":18}},"loc":{"start":{"line":1,"column":43},"end":{"line":28,"column":1}},"line":1}},"branchMap":{},"s":{"0":1,"1":1,"2":1},"f":{"0":1},"b":{},"_coverageSchema":"1a1c01bbd47fc00a2c39e90264f33305004495a9","hash":"04cf41bdccdefda22f34d3e0c43a9f4406a29847"}
,"C:\\Users\\AkshayPawar\\Desktop\\Project\\personal-blog\\personal-blog-server-2\\models\\userModel.js": {"path":"C:\\Users\\AkshayPawar\\Desktop\\Project\\personal-blog\\personal-blog-server-2\\models\\userModel.js","statementMap":{"0":{"start":{"line":1,"column":0},"end":{"line":25,"column":2}},"1":{"start":{"line":2,"column":15},"end":{"line":23,"column":3}},"2":{"start":{"line":24,"column":2},"end":{"line":24,"column":14}}},"fnMap":{"0":{"name":"(anonymous_0)","decl":{"start":{"line":1,"column":17},"end":{"line":1,"column":18}},"loc":{"start":{"line":1,"column":43},"end":{"line":25,"column":1}},"line":1}},"branchMap":{},"s":{"0":1,"1":1,"2":1},"f":{"0":1},"b":{},"_coverageSchema":"1a1c01bbd47fc00a2c39e90264f33305004495a9","hash":"5333340c7d98efc0341f46be987c98a1ce869207"}
,"C:\\Users\\AkshayPawar\\Desktop\\Project\\personal-blog\\personal-blog-server-2\\routes\\personalBlogRoutes.js": {"path":"C:\\Users\\AkshayPawar\\Desktop\\Project\\personal-blog\\personal-blog-server-2\\routes\\personalBlogRoutes.js","statementMap":{"0":{"start":{"line":1,"column":16},"end":{"line":1,"column":34}},"1":{"start":{"line":2,"column":12},"end":{"line":2,"column":35}},"2":{"start":{"line":3,"column":21},"end":{"line":3,"column":45}},"3":{"start":{"line":10,"column":4},"end":{"line":10,"column":54}},"4":{"start":{"line":11,"column":15},"end":{"line":11,"column":32}},"5":{"start":{"line":12,"column":13},"end":{"line":12,"column":28}},"6":{"start":{"line":16,"column":15},"end":{"line":16,"column":31}},"7":{"start":{"line":18,"column":0},"end":{"line":18,"column":27}},"8":{"start":{"line":19,"column":0},"end":{"line":19,"column":37}},"9":{"start":{"line":21,"column":26},"end":{"line":41,"column":1}},"10":{"start":{"line":23,"column":16},"end":{"line":23,"column":34}},"11":{"start":{"line":25,"column":2},"end":{"line":29,"column":3}},"12":{"start":{"line":26,"column":4},"end":{"line":28,"column":62}},"13":{"start":{"line":32,"column":2},"end":{"line":40,"column":5}},"14":{"start":{"line":33,"column":4},"end":{"line":35,"column":5}},"15":{"start":{"line":34,"column":6},"end":{"line":34,"column":64}},"16":{"start":{"line":38,"column":4},"end":{"line":38,"column":23}},"17":{"start":{"line":39,"column":4},"end":{"line":39,"column":11}},"18":{"start":{"line":43,"column":16},"end":{"line":53,"column":2}},"19":{"start":{"line":45,"column":4},"end":{"line":45,"column":32}},"20":{"start":{"line":48,"column":4},"end":{"line":51,"column":6}},"21":{"start":{"line":55,"column":15},"end":{"line":57,"column":2}},"22":{"start":{"line":60,"column":0},"end":{"line":60,"column":92}},"23":{"start":{"line":63,"column":0},"end":{"line":63,"column":49}},"24":{"start":{"line":66,"column":0},"end":{"line":66,"column":49}},"25":{"start":{"line":69,"column":0},"end":{"line":69,"column":93}},"26":{"start":{"line":72,"column":0},"end":{"line":72,"column":68}},"27":{"start":{"line":74,"column":0},"end":{"line":74,"column":24}}},"fnMap":{"0":{"name":"(anonymous_0)","decl":{"start":{"line":21,"column":26},"end":{"line":21,"column":27}},"loc":{"start":{"line":21,"column":46},"end":{"line":41,"column":1}},"line":21},"1":{"name":"(anonymous_1)","decl":{"start":{"line":32,"column":44},"end":{"line":32,"column":45}},"loc":{"start":{"line":32,"column":62},"end":{"line":40,"column":3}},"line":32},"2":{"name":"(anonymous_2)","decl":{"start":{"line":44,"column":15},"end":{"line":44,"column":16}},"loc":{"start":{"line":44,"column":34},"end":{"line":46,"column":3}},"line":44},"3":{"name":"(anonymous_3)","decl":{"start":{"line":47,"column":12},"end":{"line":47,"column":13}},"loc":{"start":{"line":47,"column":31},"end":{"line":52,"column":3}},"line":47}},"branchMap":{"0":{"loc":{"start":{"line":25,"column":2},"end":{"line":29,"column":3}},"type":"if","locations":[{"start":{"line":25,"column":2},"end":{"line":29,"column":3}},{"start":{},"end":{}}],"line":25},"1":{"loc":{"start":{"line":33,"column":4},"end":{"line":35,"column":5}},"type":"if","locations":[{"start":{"line":33,"column":4},"end":{"line":35,"column":5}},{"start":{},"end":{}}],"line":33}},"s":{"0":1,"1":1,"2":1,"3":1,"4":1,"5":1,"6":1,"7":1,"8":1,"9":1,"10":6,"11":6,"12":0,"13":6,"14":6,"15":0,"16":6,"17":6,"18":1,"19":0,"20":0,"21":1,"22":1,"23":1,"24":1,"25":1,"26":1,"27":1},"f":{"0":6,"1":6,"2":0,"3":0},"b":{"0":[0,6],"1":[0,6]},"_coverageSchema":"1a1c01bbd47fc00a2c39e90264f33305004495a9","hash":"31acbf92d5e7eaa468ebef71185e952dcea9f371"}
,"C:\\Users\\AkshayPawar\\Desktop\\Project\\personal-blog\\personal-blog-server-2\\routes\\userRoutes.js": {"path":"C:\\Users\\AkshayPawar\\Desktop\\Project\\personal-blog\\personal-blog-server-2\\routes\\userRoutes.js","statementMap":{"0":{"start":{"line":1,"column":16},"end":{"line":1,"column":34}},"1":{"start":{"line":2,"column":21},"end":{"line":2,"column":45}},"2":{"start":{"line":3,"column":13},"end":{"line":3,"column":28}},"3":{"start":{"line":4,"column":11},"end":{"line":4,"column":34}},"4":{"start":{"line":5,"column":13},"end":{"line":5,"column":21}},"5":{"start":{"line":6,"column":15},"end":{"line":6,"column":32}},"6":{"start":{"line":7,"column":12},"end":{"line":7,"column":35}},"7":{"start":{"line":10,"column":15},"end":{"line":10,"column":31}},"8":{"start":{"line":11,"column":0},"end":{"line":17,"column":2}},"9":{"start":{"line":18,"column":0},"end":{"line":18,"column":27}},"10":{"start":{"line":21,"column":0},"end":{"line":72,"column":3}},"11":{"start":{"line":22,"column":2},"end":{"line":71,"column":3}},"12":{"start":{"line":23,"column":38},"end":{"line":23,"column":46}},"13":{"start":{"line":24,"column":4},"end":{"line":29,"column":5}},"14":{"start":{"line":25,"column":6},"end":{"line":28,"column":9}},"15":{"start":{"line":32,"column":27},"end":{"line":32,"column":58}},"16":{"start":{"line":34,"column":20},"end":{"line":38,"column":5}},"17":{"start":{"line":40,"column":17},"end":{"line":40,"column":43}},"18":{"start":{"line":41,"column":4},"end":{"line":46,"column":5}},"19":{"start":{"line":42,"column":6},"end":{"line":45,"column":9}},"20":{"start":{"line":49,"column":4},"end":{"line":63,"column":5}},"21":{"start":{"line":50,"column":23},"end":{"line":50,"column":62}},"22":{"start":{"line":52,"column":20},"end":{"line":54,"column":8}},"23":{"start":{"line":55,"column":6},"end":{"line":57,"column":9}},"24":{"start":{"line":58,"column":6},"end":{"line":62,"column":9}},"25":{"start":{"line":65,"column":4},"end":{"line":65,"column":23}},"26":{"start":{"line":66,"column":4},"end":{"line":70,"column":7}},"27":{"start":{"line":75,"column":0},"end":{"line":125,"column":3}},"28":{"start":{"line":76,"column":2},"end":{"line":124,"column":3}},"29":{"start":{"line":77,"column":32},"end":{"line":77,"column":40}},"30":{"start":{"line":78,"column":4},"end":{"line":83,"column":5}},"31":{"start":{"line":79,"column":6},"end":{"line":82,"column":9}},"32":{"start":{"line":86,"column":17},"end":{"line":86,"column":57}},"33":{"start":{"line":87,"column":4},"end":{"line":92,"column":5}},"34":{"start":{"line":88,"column":6},"end":{"line":91,"column":9}},"35":{"start":{"line":95,"column":20},"end":{"line":95,"column":65}},"36":{"start":{"line":96,"column":4},"end":{"line":101,"column":5}},"37":{"start":{"line":97,"column":6},"end":{"line":100,"column":9}},"38":{"start":{"line":103,"column":18},"end":{"line":105,"column":6}},"39":{"start":{"line":107,"column":4},"end":{"line":109,"column":7}},"40":{"start":{"line":112,"column":4},"end":{"line":116,"column":7}},"41":{"start":{"line":118,"column":4},"end":{"line":118,"column":23}},"42":{"start":{"line":119,"column":4},"end":{"line":123,"column":7}},"43":{"start":{"line":127,"column":0},"end":{"line":127,"column":24}}},"fnMap":{"0":{"name":"(anonymous_0)","decl":{"start":{"line":21,"column":21},"end":{"line":21,"column":22}},"loc":{"start":{"line":21,"column":41},"end":{"line":72,"column":1}},"line":21},"1":{"name":"(anonymous_1)","decl":{"start":{"line":75,"column":26},"end":{"line":75,"column":27}},"loc":{"start":{"line":75,"column":46},"end":{"line":125,"column":1}},"line":75}},"branchMap":{"0":{"loc":{"start":{"line":24,"column":4},"end":{"line":29,"column":5}},"type":"if","locations":[{"start":{"line":24,"column":4},"end":{"line":29,"column":5}},{"start":{},"end":{}}],"line":24},"1":{"loc":{"start":{"line":24,"column":8},"end":{"line":24,"column":36}},"type":"binary-expr","locations":[{"start":{"line":24,"column":8},"end":{"line":24,"column":13}},{"start":{"line":24,"column":17},"end":{"line":24,"column":23}},{"start":{"line":24,"column":27},"end":{"line":24,"column":36}}],"line":24},"2":{"loc":{"start":{"line":41,"column":4},"end":{"line":46,"column":5}},"type":"if","locations":[{"start":{"line":41,"column":4},"end":{"line":46,"column":5}},{"start":{},"end":{}}],"line":41},"3":{"loc":{"start":{"line":49,"column":4},"end":{"line":63,"column":5}},"type":"if","locations":[{"start":{"line":49,"column":4},"end":{"line":63,"column":5}},{"start":{},"end":{}}],"line":49},"4":{"loc":{"start":{"line":78,"column":4},"end":{"line":83,"column":5}},"type":"if","locations":[{"start":{"line":78,"column":4},"end":{"line":83,"column":5}},{"start":{},"end":{}}],"line":78},"5":{"loc":{"start":{"line":78,"column":8},"end":{"line":78,"column":27}},"type":"binary-expr","locations":[{"start":{"line":78,"column":8},"end":{"line":78,"column":14}},{"start":{"line":78,"column":18},"end":{"line":78,"column":27}}],"line":78},"6":{"loc":{"start":{"line":87,"column":4},"end":{"line":92,"column":5}},"type":"if","locations":[{"start":{"line":87,"column":4},"end":{"line":92,"column":5}},{"start":{},"end":{}}],"line":87},"7":{"loc":{"start":{"line":96,"column":4},"end":{"line":101,"column":5}},"type":"if","locations":[{"start":{"line":96,"column":4},"end":{"line":101,"column":5}},{"start":{},"end":{}}],"line":96}},"s":{"0":1,"1":1,"2":1,"3":1,"4":1,"5":1,"6":1,"7":1,"8":1,"9":1,"10":1,"11":2,"12":2,"13":2,"14":1,"15":1,"16":1,"17":1,"18":1,"19":0,"20":1,"21":1,"22":1,"23":1,"24":1,"25":0,"26":0,"27":1,"28":4,"29":4,"30":4,"31":1,"32":3,"33":3,"34":1,"35":2,"36":2,"37":1,"38":1,"39":1,"40":1,"41":0,"42":0,"43":1},"f":{"0":2,"1":4},"b":{"0":[1,1],"1":[2,2,1],"2":[0,1],"3":[1,0],"4":[1,3],"5":[4,4],"6":[1,2],"7":[1,1]},"_coverageSchema":"1a1c01bbd47fc00a2c39e90264f33305004495a9","hash":"dd3603d4d66153f2d488d3ce00935df379d24c14"}
}
