TN:
SF:index.js
FN:26,(anonymous_0)
FN:37,(anonymous_1)
FNF:2
FNH:1
FNDA:0,(anonymous_0)
FNDA:1,(anonymous_1)
DA:1,1
DA:2,1
DA:4,1
DA:5,1
DA:6,1
DA:8,1
DA:9,1
DA:12,1
DA:15,1
DA:16,1
DA:23,1
DA:24,1
DA:26,1
DA:27,0
DA:28,0
DA:32,1
DA:33,1
DA:35,1
DA:37,1
DA:38,1
DA:42,1
LF:21
LH:19
BRDA:35,0,0,1
BRDA:35,0,1,0
BRF:2
BRH:1
end_of_record
TN:
SF:config\db.js
FNF:0
FNH:0
DA:1,1
DA:3,1
DA:4,1
DA:5,1
DA:7,1
DA:13,1
DA:14,1
DA:15,1
DA:18,1
DA:19,1
DA:21,1
LF:11
LH:11
BRF:0
BRH:0
end_of_record
TN:
SF:controllers\personalBlogsControllers.js
FN:6,(anonymous_0)
FN:63,(anonymous_1)
FN:88,(anonymous_2)
FN:160,(anonymous_3)
FN:210,(anonymous_4)
FNF:5
FNH:5
FNDA:2,(anonymous_0)
FNDA:1,(anonymous_1)
FNDA:2,(anonymous_2)
FNDA:2,(anonymous_3)
FNDA:2,(anonymous_4)
DA:1,1
DA:2,1
DA:6,1
DA:7,2
DA:9,2
DA:11,2
DA:12,0
DA:19,2
DA:21,2
DA:24,2
DA:25,1
DA:31,1
DA:38,1
DA:40,1
DA:41,0
DA:47,1
DA:53,0
DA:54,0
DA:63,1
DA:64,1
DA:65,1
DA:66,1
DA:67,0
DA:72,1
DA:79,0
DA:80,0
DA:88,1
DA:89,2
DA:90,2
DA:91,2
DA:92,0
DA:97,2
DA:98,2
DA:99,1
DA:104,1
DA:109,0
DA:160,1
DA:161,2
DA:162,2
DA:163,2
DA:164,0
DA:170,2
DA:171,2
DA:173,2
DA:175,2
DA:182,2
DA:186,2
DA:187,1
DA:193,1
DA:199,0
DA:200,0
DA:210,1
DA:211,2
DA:212,2
DA:213,2
DA:214,0
DA:220,2
DA:224,2
DA:225,1
DA:232,1
DA:237,0
DA:240,1
LF:62
LH:48
BRDA:9,0,0,2
BRDA:9,0,1,0
BRDA:11,1,0,0
BRDA:11,1,1,2
BRDA:19,2,0,0
BRDA:19,2,1,2
BRDA:24,3,0,1
BRDA:24,3,1,1
BRDA:24,4,0,2
BRDA:24,4,1,2
BRDA:24,4,2,1
BRDA:40,5,0,0
BRDA:40,5,1,1
BRDA:66,6,0,0
BRDA:66,6,1,1
BRDA:91,7,0,0
BRDA:91,7,1,2
BRDA:98,8,0,1
BRDA:98,8,1,1
BRDA:163,9,0,0
BRDA:163,9,1,2
BRDA:171,10,0,0
BRDA:171,10,1,2
BRDA:186,11,0,1
BRDA:186,11,1,1
BRDA:203,12,0,0
BRDA:203,12,1,0
BRDA:213,13,0,0
BRDA:213,13,1,2
BRDA:224,14,0,1
BRDA:224,14,1,1
BRF:31
BRH:20
end_of_record
TN:
SF:models\personalBolgModel.js
FN:1,(anonymous_0)
FNF:1
FNH:1
FNDA:1,(anonymous_0)
DA:1,1
DA:2,1
DA:27,1
LF:3
LH:3
BRF:0
BRH:0
end_of_record
TN:
SF:models\userModel.js
FN:1,(anonymous_0)
FNF:1
FNH:1
FNDA:1,(anonymous_0)
DA:1,1
DA:2,1
DA:24,1
LF:3
LH:3
BRF:0
BRH:0
end_of_record
TN:
SF:routes\personalBlogRoutes.js
FN:21,(anonymous_0)
FN:32,(anonymous_1)
FN:44,(anonymous_2)
FN:47,(anonymous_3)
FNF:4
FNH:2
FNDA:6,(anonymous_0)
FNDA:6,(anonymous_1)
FNDA:0,(anonymous_2)
FNDA:0,(anonymous_3)
DA:1,1
DA:2,1
DA:3,1
DA:10,1
DA:11,1
DA:12,1
DA:16,1
DA:18,1
DA:19,1
DA:21,1
DA:23,6
DA:25,6
DA:26,0
DA:32,6
DA:33,6
DA:34,0
DA:38,6
DA:39,6
DA:43,1
DA:45,0
DA:48,0
DA:55,1
DA:60,1
DA:63,1
DA:66,1
DA:69,1
DA:72,1
DA:74,1
LF:28
LH:24
BRDA:25,0,0,0
BRDA:25,0,1,6
BRDA:33,1,0,0
BRDA:33,1,1,6
BRF:4
BRH:2
end_of_record
TN:
SF:routes\userRoutes.js
FN:21,(anonymous_0)
FN:75,(anonymous_1)
FNF:2
FNH:2
FNDA:2,(anonymous_0)
FNDA:4,(anonymous_1)
DA:1,1
DA:2,1
DA:3,1
DA:4,1
DA:5,1
DA:6,1
DA:7,1
DA:10,1
DA:11,1
DA:18,1
DA:21,1
DA:22,2
DA:23,2
DA:24,2
DA:25,1
DA:32,1
DA:34,1
DA:40,1
DA:41,1
DA:42,0
DA:49,1
DA:50,1
DA:52,1
DA:55,1
DA:58,1
DA:65,0
DA:66,0
DA:75,1
DA:76,4
DA:77,4
DA:78,4
DA:79,1
DA:86,3
DA:87,3
DA:88,1
DA:95,2
DA:96,2
DA:97,1
DA:103,1
DA:107,1
DA:112,1
DA:118,0
DA:119,0
DA:127,1
LF:44
LH:39
BRDA:24,0,0,1
BRDA:24,0,1,1
BRDA:24,1,0,2
BRDA:24,1,1,2
BRDA:24,1,2,1
BRDA:41,2,0,0
BRDA:41,2,1,1
BRDA:49,3,0,1
BRDA:49,3,1,0
BRDA:78,4,0,1
BRDA:78,4,1,3
BRDA:78,5,0,4
BRDA:78,5,1,4
BRDA:87,6,0,1
BRDA:87,6,1,2
BRDA:96,7,0,1
BRDA:96,7,1,1
BRF:17
BRH:15
end_of_record
